<?xml version="1.0" encoding="UTF-8"?>
<!-- Generated by org.testng.reporters.JUnitReportReporter -->
<testsuite hostname="AMIR_HP" failures="0" tests="2" name="com.guru99.qa.testcases.LoginPageTest" time="15.233" errors="0" timestamp="2023-05-01T21:23:09 EDT" skipped="0">
  <testcase classname="com.guru99.qa.testcases.LoginPageTest" name="loginpage_Title_Test" time="8.295"/>
  <system-out/>
  <testcase classname="com.guru99.qa.testcases.LoginPageTest" name="loginTest" time="6.938"/>
  <system-out/>
</testsuite> <!-- com.guru99.qa.testcases.LoginPageTest -->
